0 info it worked if it ends with ok
1 verbose cli [ 'c:\\Program Files\\nodejs\\node.exe',
1 verbose cli   'c:\\Program Files\\nodejs\\node_modules\\npm\\bin\\npm-cli.js',
1 verbose cli   'install',
1 verbose cli   'grunt-contrib-copy',
1 verbose cli   '--save-dev' ]
2 info using npm@1.3.5
3 info using node@v0.10.15
4 warn package.json Delve@0.0.1 No repository field.
5 verbose readDependencies using package.json deps
6 verbose cache add [ 'grunt-contrib-copy', null ]
7 verbose cache add name=undefined spec="grunt-contrib-copy" args=["grunt-contrib-copy",null]
8 verbose parsed url { protocol: null,
8 verbose parsed url   slashes: null,
8 verbose parsed url   auth: null,
8 verbose parsed url   host: null,
8 verbose parsed url   port: null,
8 verbose parsed url   hostname: null,
8 verbose parsed url   hash: null,
8 verbose parsed url   search: null,
8 verbose parsed url   query: null,
8 verbose parsed url   pathname: 'grunt-contrib-copy',
8 verbose parsed url   path: 'grunt-contrib-copy',
8 verbose parsed url   href: 'grunt-contrib-copy' }
9 silly lockFile a84690fa-grunt-contrib-copy grunt-contrib-copy
10 verbose lock grunt-contrib-copy C:\Users\Anthony\AppData\Roaming\npm-cache\a84690fa-grunt-contrib-copy.lock
11 silly lockFile a84690fa-grunt-contrib-copy grunt-contrib-copy
12 silly lockFile a84690fa-grunt-contrib-copy grunt-contrib-copy
13 verbose addNamed [ 'grunt-contrib-copy', '' ]
14 verbose addNamed [ null, '*' ]
15 silly lockFile 9ec4cea0-grunt-contrib-copy grunt-contrib-copy@
16 verbose lock grunt-contrib-copy@ C:\Users\Anthony\AppData\Roaming\npm-cache\9ec4cea0-grunt-contrib-copy.lock
17 silly addNameRange { name: 'grunt-contrib-copy', range: '*', hasData: false }
18 verbose url raw grunt-contrib-copy
19 verbose url resolving [ 'https://registry.npmjs.org/', './grunt-contrib-copy' ]
20 verbose url resolved https://registry.npmjs.org/grunt-contrib-copy
21 info trying registry request attempt 1 at 21:43:37
22 verbose etag "AB6GRQ9WDJCUT530A5ZIKLHN1"
23 http GET https://registry.npmjs.org/grunt-contrib-copy
24 http 304 https://registry.npmjs.org/grunt-contrib-copy
25 silly registry.get cb [ 304,
25 silly registry.get   { date: 'Fri, 18 Apr 2014 01:43:44 GMT',
25 silly registry.get     server: 'Apache',
25 silly registry.get     via: '1.1 varnish',
25 silly registry.get     'last-modified': 'Fri, 18 Apr 2014 01:43:44 GMT',
25 silly registry.get     'cache-control': 'max-age=1',
25 silly registry.get     etag: '"AB6GRQ9WDJCUT530A5ZIKLHN1"',
25 silly registry.get     'x-served-by': 'cache-jfk1032-JFK',
25 silly registry.get     'x-cache': 'HIT',
25 silly registry.get     'x-cache-hits': '1',
25 silly registry.get     'x-timer': 'S1397785424.428198099,VS0,VE113',
25 silly registry.get     vary: 'Accept',
25 silly registry.get     'content-length': '0',
25 silly registry.get     'keep-alive': 'timeout=10, max=50',
25 silly registry.get     connection: 'Keep-Alive' } ]
26 verbose etag grunt-contrib-copy from cache
27 silly addNameRange number 2 { name: 'grunt-contrib-copy', range: '*', hasData: true }
28 silly addNameRange versions [ 'grunt-contrib-copy',
28 silly addNameRange   [ '0.2.0',
28 silly addNameRange     '0.2.1',
28 silly addNameRange     '0.2.2',
28 silly addNameRange     '0.2.3',
28 silly addNameRange     '0.2.4',
28 silly addNameRange     '0.3.0',
28 silly addNameRange     '0.3.1',
28 silly addNameRange     '0.3.2',
28 silly addNameRange     '0.4.0',
28 silly addNameRange     '0.4.1',
28 silly addNameRange     '0.5.0',
28 silly addNameRange     '0.4.0-rc7' ] ]
29 verbose addNamed [ 'grunt-contrib-copy', '0.5.0' ]
30 verbose addNamed [ '0.5.0', '0.5.0' ]
31 silly lockFile a598d2f8-grunt-contrib-copy-0-5-0 grunt-contrib-copy@0.5.0
32 verbose lock grunt-contrib-copy@0.5.0 C:\Users\Anthony\AppData\Roaming\npm-cache\a598d2f8-grunt-contrib-copy-0-5-0.lock
33 silly lockFile a598d2f8-grunt-contrib-copy-0-5-0 grunt-contrib-copy@0.5.0
34 silly lockFile a598d2f8-grunt-contrib-copy-0-5-0 grunt-contrib-copy@0.5.0
35 silly lockFile 9ec4cea0-grunt-contrib-copy grunt-contrib-copy@
36 silly lockFile 9ec4cea0-grunt-contrib-copy grunt-contrib-copy@
37 silly resolved [ { name: 'grunt-contrib-copy',
37 silly resolved     description: 'Copy files and folders.',
37 silly resolved     version: '0.5.0',
37 silly resolved     homepage: 'https://github.com/gruntjs/grunt-contrib-copy',
37 silly resolved     author: { name: 'Grunt Team', url: 'http://gruntjs.com/' },
37 silly resolved     repository:
37 silly resolved      { type: 'git',
37 silly resolved        url: 'git://github.com/gruntjs/grunt-contrib-copy.git' },
37 silly resolved     bugs: { url: 'https://github.com/gruntjs/grunt-contrib-copy/issues' },
37 silly resolved     licenses: [ [Object] ],
37 silly resolved     engines: { node: '>= 0.8.0' },
37 silly resolved     scripts: { test: 'grunt test' },
37 silly resolved     devDependencies:
37 silly resolved      { 'grunt-contrib-jshint': '~0.6.2',
37 silly resolved        'grunt-contrib-nodeunit': '~0.2.0',
37 silly resolved        'grunt-contrib-clean': '~0.5.0',
37 silly resolved        'grunt-contrib-internal': '~0.4.5',
37 silly resolved        grunt: '~0.4.0' },
37 silly resolved     peerDependencies: { grunt: '~0.4.0' },
37 silly resolved     keywords: [ 'gruntplugin' ],
37 silly resolved     files: [ 'tasks', 'LICENSE-MIT' ],
37 silly resolved     readme: '# grunt-contrib-copy v0.5.0 [![Build Status](https://travis-ci.org/gruntjs/grunt-contrib-copy.png?branch=master)](https://travis-ci.org/gruntjs/grunt-contrib-copy)\n\n> Copy files and folders.\n\n\n\n## Getting Started\nThis plugin requires Grunt `~0.4.0`\n\nIf you haven\'t used [Grunt](http://gruntjs.com/) before, be sure to check out the [Getting Started](http://gruntjs.com/getting-started) guide, as it explains how to create a [Gruntfile](http://gruntjs.com/sample-gruntfile) as well as install and use Grunt plugins. Once you\'re familiar with that process, you may install this plugin with this command:\n\n```shell\nnpm install grunt-contrib-copy --save-dev\n```\n\nOnce the plugin has been installed, it may be enabled inside your Gruntfile with this line of JavaScript:\n\n```js\ngrunt.loadNpmTasks(\'grunt-contrib-copy\');\n```\n\n*This plugin was designed to work with Grunt 0.4.x. If you\'re still using grunt v0.3.x it\'s strongly recommended that [you upgrade](http://gruntjs.com/upgrading-from-0.3-to-0.4), but in case you can\'t please use [v0.3.2](https://github.com/gruntjs/grunt-contrib-copy/tree/grunt-0.3-stable).*\n\n\n\n## Copy task\n_Run this task with the `grunt copy` command._\n\nTask targets, files and options may be specified according to the grunt [Configuring tasks](http://gruntjs.com/configuring-tasks) guide.\n### Options\n\n#### process\nType: `Function(content, srcpath)`\n\nThis option is passed to `grunt.file.copy` as an advanced way to control the file contents that are copied.\n\n*`processContent` has been renamed to `process` and the option name will be removed in the future.*\n\n#### noProcess\nType: `String`\n\nThis option is passed to `grunt.file.copy` as an advanced way to control which file contents are processed.\n\n*`processContentExclude` has been renamed to `noProcess` and the option name will be removed in the future.*\n\n#### encoding\nType: `String`  \nDefault: `grunt.file.defaultEncoding`\n\nThe file encoding to copy files with.\n\n#### mode\nType: `Boolean` or `Number`  \nDefault: `false`\n\nWhether to copy or set the existing file permissions. Set to `true` to copy the existing file permissions. Or set to the mode, i.e.: `0644`, that copied files will be set to.\n\n### Usage Examples\n\n```js\ncopy: {\n  main: {\n    files: [\n      // includes files within path\n      {expand: true, src: [\'path/*\'], dest: \'dest/\', filter: \'isFile\'},\n\n      // includes files within path and its sub-directories\n      {expand: true, src: [\'path/**\'], dest: \'dest/\'},\n\n      // makes all src relative to cwd\n      {expand: true, cwd: \'path/\', src: [\'**\'], dest: \'dest/\'},\n\n      // flattens results to a single level\n      {expand: true, flatten: true, src: [\'path/**\'], dest: \'dest/\', filter: \'isFile\'}\n    ]\n  }\n}\n```\n\nThis task supports all the file mapping format Grunt supports. Please read [Globbing patterns](http://gruntjs.com/configuring-tasks#globbing-patterns) and [Building the files object dynamically](http://gruntjs.com/configuring-tasks#building-the-files-object-dynamically) for additional details.\n\nHere are some additional examples, given the following file tree:\n```shell\n$ tree -I node_modules\n.\n├── Gruntfile.js\n└── src\n    ├── a\n    └── subdir\n        └── b\n\n2 directories, 3 files\n```\n\n**Copy a single file tree:**\n```js\ncopy: {\n  main: {\n    src: \'src/*\',\n    dest: \'dest/\',\n  },\n},\n```\n\n```shell\n$ grunt copy\nRunning "copy:main" (copy) task\nCreated 1 directories, copied 1 files\n\nDone, without errors.\n$ tree -I node_modules\n.\n├── Gruntfile.js\n├── dest\n│   └── src\n│       ├── a\n│       └── subdir\n└── src\n    ├── a\n    └── subdir\n        └── b\n\n5 directories, 4 files\n```\n\n**Flattening the filepath output:**\n\n```js\ncopy: {\n  main: {\n    expand: true,\n    cwd: \'src/\',\n    src: \'**\',\n    dest: \'dest/\',\n    flatten: true,\n    filter: \'isFile\',\n  },\n},\n```\n\n```shell\n$ grunt copy\nRunning "copy:main" (copy) task\nCopied 2 files\n\nDone, without errors.\n$ tree -I node_modules\n.\n├── Gruntfile.js\n├── dest\n│   ├── a\n│   └── b\n└── src\n    ├── a\n    └── subdir\n        └── b\n\n3 directories, 5 files\n```\n\n\n**Copy and modify a file:**\n\nTo change the contents of a file as it is copied, set an `options.process` function as follows:\n\n```js\ncopy: {\n  main: {\n    src: \'src/a\',\n    dest: \'src/a.bak\',\n    options: {\n      process: function (content, srcpath) {\n        return content.replace(/[sad ]/g,"_");\n      }\n    }\n  },\n},\n```\n\nHere all occurences of the letters "s", "a" and "d", as well as all spaces, will be changed to underlines in "a.bak". Of course, you are not limited to just using regex replacements.\n\nTo process all files in a directory, the `process` function is used in exactly the same way.\n\nNOTE: If `process` is not working, be aware it was called `processContent` in v0.4.1 and earlier.\n\n\n##### Troubleshooting\n\nBy default, if a file or directory is not found it is quietly ignored. If the file should exist, and non-existence generate an error, then add `nonull:true`. For instance, this Gruntfile.js entry:\n\n```js\ncopy: {\n  main: {\n    nonull: true,\n    src: \'not-there\',\n    dest: \'create-me\',\n  },\n},\n```\n\ngives this output:\n\n```shell\n$ grunt copy\nRunning "copy:main" (copy) task\nWarning: Unable to read "not-there" file (Error code: ENOENT). Use --force to continue.\n\nAborted due to warnings.\n```\n\n\n\n## Release History\n\n * 2013-12-23   v0.5.0   If an encoding is specified, overwrite grunt.file.defaultEncoding. Rename processContent/processContentExclude to process/noProcess to match Grunt API. mode option to copy existing or set file permissions.\n * 2013-03-26   v0.4.1   Output summary by default ("Copied N files, created M folders"). Individual transaction output available via `--verbose`.\n * 2013-02-15   v0.4.0   First official release for Grunt 0.4.0.\n * 2013-01-23   v0.4.0rc7   Updating grunt/gruntplugin dependencies to rc7. Changing in-development grunt/gruntplugin dependency versions from tilde version ranges to specific versions.\n * 2013-01-14   v0.4.0rc5   Updating to work with grunt v0.4.0rc5. Conversion to grunt v0.4 conventions. Replace basePath with cwd. Empty directory support.\n * 2012-10-18   v0.3.2   Pass copyOptions on single file copy.\n * 2012-10-12   v0.3.1   Rename grunt-contrib-lib dep to grunt-lib-contrib.\n * 2012-09-24   v0.3.0   General cleanup and consolidation. Global options depreciated.\n * 2012-09-18   v0.2.4   No valid source check.\n * 2012-09-17   v0.2.3   Path.sep fallback for node <= 0.7.9.\n * 2012-09-17   v0.2.2   Single file copy support. Test refactoring.\n * 2012-09-07   v0.2.0   Refactored from grunt-contrib into individual repo.\n\n---\n\nTask submitted by [Chris Talkington](http://christalkington.com/)\n\n*This file was generated on Mon Dec 23 2013 20:21:57.*\n',
37 silly resolved     readmeFilename: 'README.md',
37 silly resolved     _id: 'grunt-contrib-copy@0.5.0',
37 silly resolved     _from: 'grunt-contrib-copy@' } ]
38 info install grunt-contrib-copy@0.5.0 into c:\Workspace\delve
39 info installOne grunt-contrib-copy@0.5.0
40 info c:\Workspace\delve\node_modules\grunt-contrib-copy unbuild
41 info preuninstall grunt-contrib-copy@0.5.0
42 info uninstall grunt-contrib-copy@0.5.0
43 verbose true,c:\Workspace\delve\node_modules,c:\Workspace\delve\node_modules unbuild grunt-contrib-copy@0.5.0
44 info postuninstall grunt-contrib-copy@0.5.0
45 verbose tar unpack C:\Users\Anthony\AppData\Roaming\npm-cache\grunt-contrib-copy\0.5.0\package.tgz
46 silly lockFile e3a627a2--node-modules-grunt-contrib-copy tar://c:\Workspace\delve\node_modules\grunt-contrib-copy
47 verbose lock tar://c:\Workspace\delve\node_modules\grunt-contrib-copy C:\Users\Anthony\AppData\Roaming\npm-cache\e3a627a2--node-modules-grunt-contrib-copy.lock
48 silly lockFile c79b8a74-t-contrib-copy-0-5-0-package-tgz tar://C:\Users\Anthony\AppData\Roaming\npm-cache\grunt-contrib-copy\0.5.0\package.tgz
49 verbose lock tar://C:\Users\Anthony\AppData\Roaming\npm-cache\grunt-contrib-copy\0.5.0\package.tgz C:\Users\Anthony\AppData\Roaming\npm-cache\c79b8a74-t-contrib-copy-0-5-0-package-tgz.lock
50 silly gunzTarPerm modes [ '755', '644' ]
51 silly gunzTarPerm extractEntry package.json
52 silly gunzTarPerm modified mode [ 'package.json', 438, 420 ]
53 silly gunzTarPerm extractEntry README.md
54 silly gunzTarPerm modified mode [ 'README.md', 438, 420 ]
55 silly gunzTarPerm extractEntry LICENSE-MIT
56 silly gunzTarPerm modified mode [ 'LICENSE-MIT', 438, 420 ]
57 silly gunzTarPerm extractEntry tasks/copy.js
58 silly gunzTarPerm modified mode [ 'tasks/copy.js', 438, 420 ]
59 silly lockFile e3a627a2--node-modules-grunt-contrib-copy tar://c:\Workspace\delve\node_modules\grunt-contrib-copy
60 silly lockFile e3a627a2--node-modules-grunt-contrib-copy tar://c:\Workspace\delve\node_modules\grunt-contrib-copy
61 silly lockFile c79b8a74-t-contrib-copy-0-5-0-package-tgz tar://C:\Users\Anthony\AppData\Roaming\npm-cache\grunt-contrib-copy\0.5.0\package.tgz
62 silly lockFile c79b8a74-t-contrib-copy-0-5-0-package-tgz tar://C:\Users\Anthony\AppData\Roaming\npm-cache\grunt-contrib-copy\0.5.0\package.tgz
63 info preinstall grunt-contrib-copy@0.5.0
64 verbose readDependencies using package.json deps
65 verbose readDependencies using package.json deps
66 silly resolved []
67 verbose about to build c:\Workspace\delve\node_modules\grunt-contrib-copy
68 info build c:\Workspace\delve\node_modules\grunt-contrib-copy
69 verbose linkStuff [ false, false, false, 'c:\\Workspace\\delve\\node_modules' ]
70 info linkStuff grunt-contrib-copy@0.5.0
71 verbose linkBins grunt-contrib-copy@0.5.0
72 verbose linkMans grunt-contrib-copy@0.5.0
73 verbose rebuildBundles grunt-contrib-copy@0.5.0
74 info install grunt-contrib-copy@0.5.0
75 info postinstall grunt-contrib-copy@0.5.0
76 warn unmet dependency c:\Workspace\delve\node_modules\grunt-contrib-less\node_modules\maxmin requires chalk@'^0.4.0' but will load
76 warn unmet dependency c:\Workspace\delve\node_modules\grunt-contrib-less\node_modules\chalk,
76 warn unmet dependency which is version 0.4.0
77 error peerinvalid The package grunt does not satisfy its siblings' peerDependencies requirements!
77 error peerinvalid Peer grunt-contrib-copy@0.5.0 wants grunt@~0.4.0
77 error peerinvalid Peer grunt-contrib-clean@0.5.0 wants grunt@~0.4.0
77 error peerinvalid Peer grunt-contrib-concat@0.4.0 wants grunt@~0.4.0
77 error peerinvalid Peer grunt-typescript@0.3.0 wants grunt@~0.4.2
77 error peerinvalid Peer grunt-contrib-uglify@0.2.7 wants grunt@~0.4.0
77 error peerinvalid Peer grunt-contrib-jshint@0.6.5 wants grunt@~0.4.0
77 error peerinvalid Peer grunt-contrib-watch@0.6.1 wants grunt@~0.4.0
77 error peerinvalid Peer grunt-contrib-less@0.11.0 wants grunt@^0.4.0
77 error peerinvalid Peer grunt-contrib-qunit@0.4.0 wants grunt@~0.4.0
77 error peerinvalid Peer grunt-contrib-nodeunit@0.2.2 wants grunt@~0.4.0
78 error System Windows_NT 6.2.9200
79 error command "c:\\Program Files\\nodejs\\node.exe" "c:\\Program Files\\nodejs\\node_modules\\npm\\bin\\npm-cli.js" "install" "grunt-contrib-copy" "--save-dev"
80 error cwd c:\Workspace\delve
81 error node -v v0.10.15
82 error npm -v 1.3.5
83 error code EPEERINVALID
84 verbose exit [ 1, true ]
